<?xml version="1.0" encoding="UTF-8"?>
<testng-results ignored="0" total="1" passed="1" failed="0" skipped="0">
  <reporter-output>
  </reporter-output>
  <suite started-at="2022-09-16T13:51:22 CEST" name="Default Suite" finished-at="2022-09-16T13:51:46 CEST" duration-ms="24473">
    <groups>
    </groups>
    <test started-at="2022-09-16T13:51:22 CEST" name="ta-th4-grid" finished-at="2022-09-16T13:51:46 CEST" duration-ms="24473">
      <class name="HomeTest">
        <test-method is-config="true" signature="setup(java.lang.String)[pri:0, instance:HomeTest@7334aada]" started-at="2022-09-16T13:51:22 CEST" name="setup" finished-at="2022-09-16T13:51:37 CEST" duration-ms="14976" status="PASS">
          <params>
            <param index="0">
              <value>
                <![CDATA[chrome]]>
              </value>
            </param>
          </params>
          <reporter-output>
          </reporter-output>
        </test-method> <!-- setup -->
        <test-method signature="open()[pri:0, instance:HomeTest@7334aada]" started-at="2022-09-16T13:51:37 CEST" name="open" finished-at="2022-09-16T13:51:44 CEST" duration-ms="6955" status="PASS">
          <reporter-output>
          </reporter-output>
        </test-method> <!-- open -->
        <test-method is-config="true" signature="quit()[pri:0, instance:HomeTest@7334aada]" started-at="2022-09-16T13:51:44 CEST" name="quit" finished-at="2022-09-16T13:51:46 CEST" duration-ms="2452" status="PASS">
          <reporter-output>
          </reporter-output>
        </test-method> <!-- quit -->
        <test-method is-config="true" signature="terminate()[pri:0, instance:HomeTest@7334aada]" started-at="2022-09-16T13:51:46 CEST" name="terminate" finished-at="2022-09-16T13:51:46 CEST" duration-ms="1" status="PASS">
          <reporter-output>
          </reporter-output>
        </test-method> <!-- terminate -->
      </class> <!-- HomeTest -->
    </test> <!-- ta-th4-grid -->
  </suite> <!-- Default Suite -->
</testng-results>
