<?xml version="1.0" encoding="UTF-8"?>
<!-- Generated by org.testng.reporters.JUnitXMLReporter -->
<testsuite ignored="2" hostname="Dell-Vostro" failures="0" tests="1" name="ta-ht3-try1" time="6.516" errors="0" timestamp="2022-09-13T15:43:36 CEST">
  <testcase classname="CartTest" name="cartIsEmpty" time="0.619"/>
  <testcase classname="CartTest" name="addToCart" time="0.0">
    <ignored/>
  </testcase> <!-- addToCart -->
  <testcase classname="CartTest" name="priceVStotalPrice" time="0.0">
    <ignored/>
  </testcase> <!-- priceVStotalPrice -->
</testsuite> <!-- ta-ht3-try1 -->
